FILE_TYPE=LIBRARY_PARTS;
primitive 'TYCO_1410189_3';
  pin
    'A1':
      PIN_NUMBER='(a1)';
      INPUT_LOAD='(-0.01,0.01)';
    'A2':
      PIN_NUMBER='(a2)';
      OUTPUT_LOAD='(1.0,-1.0)';
    'A3':
      PIN_NUMBER='(a3)';
      INPUT_LOAD='(-0.01,0.01)';
    'A4':
      PIN_NUMBER='(a4)';
      OUTPUT_LOAD='(1.0,-1.0)';
    'A5':
      PIN_NUMBER='(a5)';
      INPUT_LOAD='(-0.01,0.01)';
    'A6':
      PIN_NUMBER='(a6)';
      OUTPUT_LOAD='(1.0,-1.0)';
    'A7':
      PIN_NUMBER='(a7)';
      INPUT_LOAD='(-0.01,0.01)';
    'A8':
      PIN_NUMBER='(a8)';
      OUTPUT_LOAD='(1.0,-1.0)';
    'B1':
      PIN_NUMBER='(b1)';
      INPUT_LOAD='(-0.01,0.01)';
    'B2':
      PIN_NUMBER='(b2)';
      OUTPUT_LOAD='(1.0,-1.0)';
    'B3':
      PIN_NUMBER='(b3)';
      INPUT_LOAD='(-0.01,0.01)';
    'B4':
      PIN_NUMBER='(b4)';
      OUTPUT_LOAD='(1.0,-1.0)';
    'B5':
      PIN_NUMBER='(b5)';
      INPUT_LOAD='(-0.01,0.01)';
    'B6':
      PIN_NUMBER='(b6)';
      OUTPUT_LOAD='(1.0,-1.0)';
    'B7':
      PIN_NUMBER='(b7)';
      INPUT_LOAD='(-0.01,0.01)';
    'B8':
      PIN_NUMBER='(b8)';
      OUTPUT_LOAD='(1.0,-1.0)';
    'C1':
      PIN_NUMBER='(c1)';
      INPUT_LOAD='(-0.01,0.01)';
    'C2':
      PIN_NUMBER='(c2)';
      OUTPUT_LOAD='(1.0,-1.0)';
    'C3':
      PIN_NUMBER='(c3)';
      INPUT_LOAD='(-0.01,0.01)';
    'C4':
      PIN_NUMBER='(c4)';
      OUTPUT_LOAD='(1.0,-1.0)';
    'C5':
      PIN_NUMBER='(c5)';
      INPUT_LOAD='(-0.01,0.01)';
    'C6':
      PIN_NUMBER='(c6)';
      OUTPUT_LOAD='(1.0,-1.0)';
    'C7':
      PIN_NUMBER='(c7)';
      INPUT_LOAD='(-0.01,0.01)';
    'C8':
      PIN_NUMBER='(c8)';
      OUTPUT_LOAD='(1.0,-1.0)';
    'D1':
      PIN_NUMBER='(d1)';
      INPUT_LOAD='(-0.01,0.01)';
    'D2':
      PIN_NUMBER='(d2)';
      OUTPUT_LOAD='(1.0,-1.0)';
    'D3':
      PIN_NUMBER='(d3)';
      INPUT_LOAD='(-0.01,0.01)';
    'D4':
      PIN_NUMBER='(d4)';
      OUTPUT_LOAD='(1.0,-1.0)';
    'D5':
      PIN_NUMBER='(d5)';
      INPUT_LOAD='(-0.01,0.01)';
    'D6':
      PIN_NUMBER='(d6)';
      OUTPUT_LOAD='(1.0,-1.0)';
    'D7':
      PIN_NUMBER='(d7)';
      INPUT_LOAD='(-0.01,0.01)';
    'D8':
      PIN_NUMBER='(d8)';
      OUTPUT_LOAD='(1.0,-1.0)';
    'E1':
      PIN_NUMBER='(e1)';
      INPUT_LOAD='(-0.01,0.01)';
    'E2':
      PIN_NUMBER='(e2)';
      OUTPUT_LOAD='(1.0,-1.0)';
    'E3':
      PIN_NUMBER='(e3)';
      INPUT_LOAD='(-0.01,0.01)';
    'E4':
      PIN_NUMBER='(e4)';
      OUTPUT_LOAD='(1.0,-1.0)';
    'E5':
      PIN_NUMBER='(e5)';
      INPUT_LOAD='(-0.01,0.01)';
    'E6':
      PIN_NUMBER='(e6)';
      OUTPUT_LOAD='(1.0,-1.0)';
    'E7':
      PIN_NUMBER='(e7)';
      INPUT_LOAD='(-0.01,0.01)';
    'E8':
      PIN_NUMBER='(e8)';
      OUTPUT_LOAD='(1.0,-1.0)';
    'F1':
      PIN_NUMBER='(f1)';
      INPUT_LOAD='(-0.01,0.01)';
    'F2':
      PIN_NUMBER='(f2)';
      OUTPUT_LOAD='(1.0,-1.0)';
    'F3':
      PIN_NUMBER='(f3)';
      INPUT_LOAD='(-0.01,0.01)';
    'F4':
      PIN_NUMBER='(f4)';
      OUTPUT_LOAD='(1.0,-1.0)';
    'F5':
      PIN_NUMBER='(f5)';
      INPUT_LOAD='(-0.01,0.01)';
    'F6':
      PIN_NUMBER='(f6)';
      OUTPUT_LOAD='(1.0,-1.0)';
    'F7':
      PIN_NUMBER='(f7)';
      INPUT_LOAD='(-0.01,0.01)';
    'F8':
      PIN_NUMBER='(f8)';
      OUTPUT_LOAD='(1.0,-1.0)';
    'G1':
      PIN_NUMBER='(g1)';
      INPUT_LOAD='(-0.01,0.01)';
    'G2':
      PIN_NUMBER='(g2)';
      OUTPUT_LOAD='(1.0,-1.0)';
    'G3':
      PIN_NUMBER='(g3)';
      INPUT_LOAD='(-0.01,0.01)';
    'G4':
      PIN_NUMBER='(g4)';
      OUTPUT_LOAD='(1.0,-1.0)';
    'G5':
      PIN_NUMBER='(g5)';
      INPUT_LOAD='(-0.01,0.01)';
    'G6':
      PIN_NUMBER='(g6)';
      OUTPUT_LOAD='(1.0,-1.0)';
    'G7':
      PIN_NUMBER='(g7)';
      INPUT_LOAD='(-0.01,0.01)';
    'G8':
      PIN_NUMBER='(g8)';
      OUTPUT_LOAD='(1.0,-1.0)';
    'H1':
      PIN_NUMBER='(h1)';
      OUTPUT_LOAD='(1.0,-1.0)';
    'H5':
      PIN_NUMBER='(h5)';
      OUTPUT_LOAD='(1.0,-1.0)';
  end_pin;
  body
    PART_NAME='TYCO_1410189_3';
    BODY_NAME='TYCO_1410189_3';
    PHYS_DES_PREFIX='J';
    CLASS='IC';
    CDS_LMAN_UNMAPPED_PHYS_PIN='(a12,a14,a16,a9,a11,a13,a15,a10,b10,c10,d10,e10,g10,f10,b12,c12,d12,e12,f12,g12,b14,c14,e14,d14,f14,g14,b16,c16,d16,e16,g16,f16,c9,b9,d9,e9,g9,f9,c11,b11,e11,d11,f11,g11,b13,c13,e13,f13,d13,g13,b15,c15,e15,d15,f15,g15,h13,h9)';
  end_body;
end_primitive;

END.
