FILE_TYPE=LIBRARY_PARTS;
primitive 'XILINX_SPIFLASH_8P';
  pin
    'VCC':
      PIN_NUMBER='(8)';
      OUTPUT_LOAD='(1.0,-1.0)';
    'HOLD#_IO3':
      PIN_NUMBER='(7)';
      OUTPUT_LOAD='(1.0,-1.0)';
    'SCK':
      PIN_NUMBER='(6)';
      OUTPUT_LOAD='(1.0,-1.0)';
    'SI_IO0':
      PIN_NUMBER='(5)';
      OUTPUT_LOAD='(1.0,-1.0)';
    'VSS':
      PIN_NUMBER='(4)';
      INPUT_LOAD='(-0.01,0.01)';
    'WP#_IO2':
      PIN_NUMBER='(3)';
      INPUT_LOAD='(-0.01,0.01)';
    'SO_IO1':
      PIN_NUMBER='(2)';
      INPUT_LOAD='(-0.01,0.01)';
    'CS#':
      PIN_NUMBER='(1)';
      INPUT_LOAD='(-0.01,0.01)';
    'EPAD':
      PIN_NUMBER='(9)';
      PINUSE='UNSPEC';
      NO_LOAD_CHECK='Both';
      NO_IO_CHECK='Both';
      NO_ASSERT_CHECK='TRUE';
      NO_DIR_CHECK='TRUE';
      ALLOW_CONNECT='TRUE';
  end_pin;
  body
    PART_NAME='XILINX_SPIFLASH_8P';
    BODY_NAME='XILINX_SPIFLASH_8P';
    PHYS_DES_PREFIX='U';
    CLASS='IC';
  end_body;
end_primitive;

END.
