



    Cadence Design Systems, Inc.
    Packager-XL 16.6-p001 (v16-6-112A) WIN32 9/10/2012 12:00:00 IST
    (C) Copyright 1994, Cadence Design Systems, Inc.

    Run on Tue Aug 09 16:09:58 2022


 **********************************************
 *  Processing project file and command line  *
 **********************************************



    ANNOTATE  'BODY' 'PIN'
    COMP_DEF_PROP  'ALT_SYMBOLS' 'JEDEC_TYPE' 'NC_PINS' 'MERGE_NC_PINS'
                   'POWER_GROUP' 'POWER_PINS' 'MERGE_POWER_PINS' 'PINCOUNT'
    COMP_INST_PROP  'GROUP' 'ROOM' 'REUSE_INSTANCE' 'REUSE_ID' 'REUSE_NAME'
                    'SIGNAL_MODEL' 'DEFAULT_SIGNAL_MODEL'
                    'VOLT_TEMP_SIGNAL_MODEL' 'SYMBOL_EDITED'
                    'INCLUDE_IN_RF_TOPOLOGY' 'CDS_FSP_LIB_PART_MODEL'
                    'CDS_FSP_IS_FPGA' 'CDS_FSP_INSTANCE_NAME'
                    'CDS_FSP_INSTANCE_ID' 'NO_XNET_CONNECTION'
                    'EMBEDDED_PLACEMENT' 'ISRFELEMENT' 'RFELEMENTTYPE' 'RFLAYER'
                    'RFLAYER1' 'RFLAYER2' 'RFLAYER3' 'RFLAYER4' 'RFLAYER5'
                    'RFLAYER6' 'RFLAYER7' 'RFLAYER8' 'RFLAYER9' 'RFLAYER10'
                    'RFLAYER11' 'RFLAYER12' 'RFLAYER13' 'RFLAYER14' 'RFLAYER15'
                    'RFLAYER16' 'RFCOUPLINGMODE' 'RFFLIPMODE' 'RFANGLE'
                    'RFANGLE1' 'RFWIDTH' 'RFWIDTH1' 'RFWIDTH2' 'RFWIDTH3'
                    'RFWIDTH4' 'RFWIDTH5' 'RFWIDTH6' 'RFWIDTH7' 'RFWIDTH8'
                    'RFWIDTH9' 'RFWIDTH10' 'RFWIDTH11' 'RFWIDTH12' 'RFWIDTH13'
                    'RFWIDTH14' 'RFWIDTH15' 'RFWIDTH16' 'RFLENGTH' 'RFLENGTH1'
                    'RFLENGTH2' 'RFLENGTH3' 'RFLENGTH4' 'RFLENGTH5' 'RFLENGTH6'
                    'RFLENGTH7' 'RFLENGTH8' 'RFSPACING' 'RFSPACING1'
                    'RFSPACING2' 'RFSPACING3' 'RFSPACING4' 'RFSPACING5'
                    'RFSPACING6' 'RFSPACING7' 'RFSPACING8' 'RFSPACING9'
                    'RFSPACING10' 'RFSPACING11' 'RFSPACING12' 'RFSPACING13'
                    'RFSPACING14' 'RFSPACING15' 'RFOFFSETX' 'RFOFFSETY'
                    'RFRADIUS' 'RFDEPTH' 'RFFREQUENCY' 'RFMITERFRACTION'
                    'RFBENDMODE' 'RFNUMBERLEGS' 'RFNUMBERPAIRS' 'RFNUMBERTURNS'
                    'RFCAPACITANCE' 'RFRESISTANCE' 'RFINDUCTANCE'
                    'RFPADSTACKNAME' 'RFPADSSMNAME1' 'RFPADSSMNAME2'
                    'RFPADBEGINLAYER' 'RFPADENDLAYER' 'RFPADLINEWIDTH1'
                    'RFPADLINEWIDTH2' 'RFPADDIAMETER1' 'RFPADDIAMETER2'
                    'RFPADLENGTH1' 'RFPADLENGTH2' 'RFHOLEDIAMETER' 'RFPADANGLE'
                    'RFDRANAME' 'RFPADTYPE' 'RFUID' 'RFBLOCK' 'RFDCNET'
                    'RFGROUP'
    ALLOWED_GLOBAL_SHORTS  'D1V35_DDR,D1V35_F1'
    SUPPRESS_GLOBAL_SHORT_CHECK OFF
    DEBUG    0
    DEFAULT_PHYS_DES_PREFIX U
    FEEDBACK  'OFF'
    MAX_ERRORS 999
    NET_NAME_CHARS   @  -  !  #  %  &  (  )  *  .  /  :  ?  [  ]  ^  _  `  +
                     =  >  0  1  2  3  4  5  6  7  8  9
    NET_NAME_LENGTH 31
    NUM_OLD_VERSIONS 3
    OPTIMIZE OFF
    REUSE_REFDES ON
    OPF_OPTIMIZATION OFF
    HARD_LOC_SEC OFF
    FORCE_PTF_ENTRY OFF
    REGENERATE_PHYSICAL_NET_NAME OFF
    SCH_POWER_GROUP_WINS_OVER_PPT OFF
    NULL_OPT_VALID OFF
    USE_VECTOR_NOTATION ON
    FILTER_ECS_FROM_XNET ON
    OUTPUT  'ON'
    PACKAGE_PROP  'GROUP' 'ROOM'
    PART_TYPE_LENGTH 31
    REF_DES_LENGTH 31
    REPACKAGE OFF
    ELECTRICAL_CONSTRAINTS ON
    OVERWRITE_CONSTRAINTS OFF
    RUN_DIR ./worklib/_ku_v1_0/packaged/
    STRICT_PACKAGE_PROP  'REUSE_INSTANCE'
    USE_LIBRARY_PPT ON
    USE_STATE ON
    WARNINGS ON
    LIBRARY  '_ku_v1_0' 'standard' 'micron' 'rcl' 'rcl_s' 'ti' 'murata'
    VIEW_PTF part_table
    VIEW_PACKAGER packaged
    VIEW_CONSTRAINTS sch_1
    DESIGN_LIBRARY _ku_v1_0
    DESIGN_NAME _ku_v1_0
    VIEW_CONFIG_PHYSICAL cfg_package
    SD_SUFFIX_SEPARATOR _
    STOP_PST_GEN_ON_PTF_MISMATCH ON
    IGNORE_PRIM_BINDING OFF
    LOG_INST_PHYS_PATH ON
    ANNOTATE_VISIBLE_SEC OFF
    PTF_MISMATCH_EXCLUDE_INJ_PROP  'ALL'
    IMPORT_HFS_HARDSEC_ON_SWAP_PINS OFF
    ALLOW_PTFVALUE_INITIAL_BLANKS ON
    PRESERVE_UNSUBSTITUTED_MACROS OFF
    DETECT_SYS_NETSHORTS_PKG ON
    PROCESS_PIN_SHORT_PROP OFF
    STOP_PACKAGE_ON_SCHEMATIC_ERROR OFF
    LOCK_FILE_PERM 444
    LOCK_FOR_SAME_USER OFF
    ERROR_ON_MISMATCHED_INTERFACE ON
    RETAIN_ZERO_NODE_NETS OFF
    CACHE_ENABLED OFF
    CACHE_NAME cache
    PTF_NAME cache

 **************************************************************
 *  End processing project file and command line  (00:00:00)  *
 **************************************************************


Creating Configuration "cfg_package" for Design "_ku_v1_0"

INFO(SPCODD-181): Loading C:\Cadence\SPB_16.6\share\cdssetup\cdsprop.tmf.
INFO(SPCODD-181): Loading C:\Cadence\SPB_16.6\share\cdssetup\cdsprop.paf.

 *********************************
 *  Loading the design database  *
 *********************************

INFO(SPCODD-181): Loading ./archive_libs/rcl/c/part_table/c.ptf.
INFO(SPCODD-181): Loading ./archive_libs/ti/ti_csd16403q5a/part_table/ti_csd16~
403q5a.ptf.
INFO(SPCODD-181): Loading ./worklib/will_mos_n/part_table/part.ptf.
INFO(SPCODD-181): Loading ./archive_libs/rcl/r/part_table/r.ptf.
INFO(SPCODD-181): Loading ./archive_libs/rcl_s/r_s/part_table/r_s.ptf.
INFO(SPCODD-181): Loading ./worklib/ltm4644iy#pbf/part_table/part.ptf.
INFO(SPCODD-181): Loading ./archive_libs/rcl_s/c_s/part_table/c_s.ptf.
INFO(SPCODD-181): Loading ./worklib/ttn_ox_xxxxx/part_table/ttn_ox_xxxxx.ptf.
INFO(SPCODD-181): Loading ./worklib/xl_xc7z045i900/part_table/part.ptf.
INFO(SPCODD-181): Loading ./worklib/xilinx_spiflash_8p/part_table/part.ptf.
INFO(SPCODD-181): Loading ./worklib/led/part_table/led.ptf.
INFO(SPCODD-181): Loading ./archive_libs/ti/ti_tps51200drc/part_table/ti_tps51~
200drc.ptf.
INFO(SPCODD-181): Loading ./archive_libs/micron/mic_mt41kxxxmxhx/part_table/pa~
rt.ptf.
INFO(SPCODD-181): Loading ./archive_libs/murata/mur_blm18/part_table/mur_blm18~
.ptf.
INFO(SPCODD-181): Loading ./worklib/is_is21es04gjcli_s/part_table/part.ptf.
INFO(SPCODD-181): Loading ./worklib/mur_blm15/part_table/MUR_BLM15.ptf.
INFO(SPCODD-181): Loading ./worklib/pu_h5120nl/part_table/PU_H5120NL.ptf.
INFO(SPCODD-181): Loading ./worklib/mar_88e1512/part_table/part.ptf.
INFO(SPCODD-181): Loading ./worklib/ttn_xx_xxxx/part_table/part.ptf.
INFO(SPCODD-181): Loading ./worklib/skylab_skg09d/part_table/part.ptf.
INFO(SPCODD-181): Loading ./worklib/l_hq/part_table/L_HQ.ptf.
INFO(SPCODD-181): Loading ./worklib/c_all/part_table/C_ALL.ptf.
INFO(SPCODD-181): Loading ./worklib/c_all/part_table/C_ALL1111.ptf.
INFO(SPCODD-181): Loading ./worklib/mur_sf1186b_3/part_table/part.ptf.
INFO(SPCODD-181): Loading ./worklib/spx_sp3078een/part_table/part.ptf.
INFO(SPCODD-181): Loading ./worklib/spx_sp3232eey/part_table/part.ptf.
INFO(SPCODD-181): Loading ./worklib/xilinx_xcku115_2flva1517i/part_table/part.~
ptf.
INFO(SPCODD-181): Loading ./worklib/au5325/part_table/part - ¸±±¾.ptf.
INFO(SPCODD-181): Loading ./worklib/au5325/part_table/part.ptf.
INFO(SPCODD-181): Loading ./worklib/sem_sc431cskqtrt/part_table/sem_sc431cskqt~
rt.ptf.
INFO(SPCODD-181): Loading ./worklib/adi_ltc2601/part_table/part.ptf.
INFO(SPCODD-181): Loading ./worklib/adi_ad9689/part_table/part.ptf.
INFO(SPCODD-181): Loading ./worklib/mc_tcm1_83x/part_table/part.ptf.
INFO(SPCODD-181): Loading ./worklib/mc_tc1_33_75g2/part_table/part.ptf.
INFO(SPCODD-181): Loading ./worklib/mc_bfcg_xxxx_4pin/part_table/part.ptf.
INFO(SPCODD-181): Loading ./worklib/mc_hfcn_xxxx_4pin/part_table/part.ptf.
INFO(SPCODD-181): Loading ./worklib/mc_lfcg_xxxx/part_table/part.ptf.
INFO(SPCODD-181): Loading ./worklib/mc_dvga2_33a/part_table/part.ptf.
INFO(SPCODD-181): Loading ./worklib/adi_ad9739a/part_table/part.ptf.
INFO(SPCODD-181): Loading ./worklib/esd_uni/part_table/part.ptf.
INFO(SPCODD-181): Loading ./worklib/tyco_1_1469492_x/part_table/part.ptf.
INFO(SPCODD-181): Loading ./archive_libs/standard/hole/part_table/part.ptf.
INFO(SPCODD-181): Loading ./worklib/tyco_1410187_3/part_table/part.ptf.
INFO(SPCODD-181): Loading ./worklib/tyco_1410189_3/part_table/part.ptf.
INFO(SPCODD-181): Loading ./worklib/adi_adp7159/part_table/part.ptf.
INFO(SPCODD-181): Loading ./worklib/adi_ltc6952/part_table/part.ptf.
INFO(SPCODD-181): Loading ./worklib/vco_cvco55cc_xxxx/part_table/part.ptf.
INFO(SPCODD-181): Loading ./worklib/dp_o11f_o11h/part_table/part.ptf.
INFO(SPCODD-181): Loading ./worklib/sem_sc4215hsetrt/part_table/sem_sc4215hset~
rt.ptf.
INFO(SPCODD-181): Loading ./worklib/ad_adp1763/part_table/AD_ADP1763.ptf.
INFO(SPCODD-181): Loading ./worklib/spx_sp3077een/part_table/part.ptf.
INFO(SPCODD-181): Loading ./worklib/qorvo_rfsw1012/part_table/part.ptf.
INFO(SPCODD-181): Loading ./worklib/adi_adp7104/part_table/part.ptf.
INFO(SPCODD-181): Loading ./worklib/will_esd5304d/part_table/part.ptf.
INFO(SPCODD-181): Loading ./worklib/adi_adclk914/part_table/part.ptf.
INFO(SPCODD-181): Loading ./worklib/ns_lm25069pmme_2/part_table/part.ptf.
INFO(SPCODD-181): Loading ./worklib/mps_mpm3632c/part_table/part.ptf.
INFO(SPCODD-181): Loading ./worklib/r_short/part_table/part.ptf.
INFO(SPCODD-181): Loading ./worklib/adi_ltm4638/part_table/part.ptf.
INFO(SPCODD-181): Loading ./worklib/rf_conn_ufl_smt/part_table/rf_conn_ufl_smt~
.ptf.
INFO(SPCODD-181): Loading ./worklib/max_max2688/part_table/part.ptf.

 *************************
 *  Loading State Files  *
 *************************

Loading ./worklib/_ku_v1_0/packaged/pxl.state. 

 *****************************************
 *  End loading State Files  (00:00:00)  *
 *****************************************


 ****************************************
 *  Starting to assign physical parts.  *
 ****************************************


 ***********************************************
 *  End assigning physical parts.  (00:00:00)  *
 ***********************************************


 ***************
 *  Packaging  *
 ***************


 *******************************
 *  End packaging  (00:00:00)  *
 *******************************

INFO(SPCOPK-1442): No errors detected
INFO(SPCOPK-1444): No warnings detected
    Start time   16:09:58
    End time     16:10:05
    Elapsed time  0:00:07

 ***************************************************************************
 *  Packager-XL execution done.
 ***************************************************************************
Starting to audit ECsets in the design...
Audit completed successfully.