	(Comment
		(Time 04/13/22,19:04:35)
		(User Administrator)
		(MsgId ECO_021)
		(Text "Package XLINX_XCKU115_2FLVA1517I added to cell")
		(Param1 "XLINX_XCKU115_2FLVA1517I")
	)
	(Comment
		(Time 04/13/22,19:06:47)
		(User Administrator)
		(MsgId ECO_081)
		(Text "Symbol sym_1 added to cell")
		(Param1 "sym_1")
	)
	(Comment
		(Time 04/13/22,19:06:47)
		(User Administrator)
		(MsgId ECO_081)
		(Text "Symbol sym_2 added to cell")
		(Param1 "sym_2")
	)
	(Comment
		(Time 04/13/22,19:06:47)
		(User Administrator)
		(MsgId ECO_081)
		(Text "Symbol sym_3 added to cell")
		(Param1 "sym_3")
	)
	(Comment
		(Time 04/13/22,19:06:47)
		(User Administrator)
		(MsgId ECO_081)
		(Text "Symbol sym_4 added to cell")
		(Param1 "sym_4")
	)
	(Comment
		(Time 04/13/22,19:06:47)
		(User Administrator)
		(MsgId ECO_081)
		(Text "Symbol sym_5 added to cell")
		(Param1 "sym_5")
	)
	(Comment
		(Time 04/13/22,19:06:48)
		(User Administrator)
		(MsgId ECO_081)
		(Text "Symbol sym_6 added to cell")
		(Param1 "sym_6")
	)
	(Comment
		(Time 04/13/22,19:06:48)
		(User Administrator)
		(MsgId ECO_081)
		(Text "Symbol sym_7 added to cell")
		(Param1 "sym_7")
	)
	(Comment
		(Time 04/13/22,19:06:48)
		(User Administrator)
		(MsgId ECO_081)
		(Text "Symbol sym_8 added to cell")
		(Param1 "sym_8")
	)
	(Comment
		(Time 04/13/22,19:06:48)
		(User Administrator)
		(MsgId ECO_081)
		(Text "Symbol sym_9 added to cell")
		(Param1 "sym_9")
	)
	(Comment
		(Time 04/13/22,19:06:48)
		(User Administrator)
		(MsgId ECO_081)
		(Text "Symbol sym_10 added to cell")
		(Param1 "sym_10")
	)
	(Comment
		(Time 04/13/22,19:06:48)
		(User Administrator)
		(MsgId ECO_081)
		(Text "Symbol sym_11 added to cell")
		(Param1 "sym_11")
	)
	(Comment
		(Time 04/13/22,19:06:48)
		(User Administrator)
		(MsgId ECO_081)
		(Text "Symbol sym_12 added to cell")
		(Param1 "sym_12")
	)
	(Comment
		(Time 04/13/22,19:06:48)
		(User Administrator)
		(MsgId ECO_081)
		(Text "Symbol sym_13 added to cell")
		(Param1 "sym_13")
	)
	(Comment
		(Time 04/13/22,19:06:48)
		(User Administrator)
		(MsgId ECO_081)
		(Text "Symbol sym_14 added to cell")
		(Param1 "sym_14")
	)
	(Comment
		(Time 04/13/22,19:06:48)
		(User Administrator)
		(MsgId ECO_081)
		(Text "Symbol sym_15 added to cell")
		(Param1 "sym_15")
	)
	(Comment
		(Time 04/13/22,19:06:48)
		(User Administrator)
		(MsgId ECO_081)
		(Text "Symbol sym_16 added to cell")
		(Param1 "sym_16")
	)
	(Comment
		(Time 04/13/22,19:06:48)
		(User Administrator)
		(MsgId ECO_081)
		(Text "Symbol sym_17 added to cell")
		(Param1 "sym_17")
	)
	(Comment
		(Time 04/13/22,19:06:48)
		(User Administrator)
		(MsgId ECO_081)
		(Text "Symbol sym_18 added to cell")
		(Param1 "sym_18")
	)
	(Comment
		(Time 04/13/22,19:06:48)
		(User Administrator)
		(MsgId ECO_081)
		(Text "Symbol sym_19 added to cell")
		(Param1 "sym_19")
	)
	(Comment
		(Time 04/13/22,19:06:48)
		(User Administrator)
		(MsgId ECO_081)
		(Text "Symbol sym_20 added to cell")
		(Param1 "sym_20")
	)
	(Comment
		(Time 04/13/22,19:06:48)
		(User Administrator)
		(MsgId ECO_081)
		(Text "Symbol sym_21 added to cell")
		(Param1 "sym_21")
	)
	(Comment
		(Time 04/13/22,19:06:48)
		(User Administrator)
		(MsgId ECO_081)
		(Text "Symbol sym_22 added to cell")
		(Param1 "sym_22")
	)
	(Comment
		(Time 04/13/22,19:06:48)
		(User Administrator)
		(MsgId ECO_081)
		(Text "Symbol sym_23 added to cell")
		(Param1 "sym_23")
	)
	(Comment
		(Time 04/13/22,19:06:48)
		(User Administrator)
		(MsgId ECO_081)
		(Text "Symbol sym_24 added to cell")
		(Param1 "sym_24")
	)
	(Comment
		(Time 04/13/22,19:06:48)
		(User Administrator)
		(MsgId ECO_081)
		(Text "Symbol sym_25 added to cell")
		(Param1 "sym_25")
	)
	(Comment
		(Time 04/13/22,19:06:48)
		(User Administrator)
		(MsgId ECO_081)
		(Text "Symbol sym_26 added to cell")
		(Param1 "sym_26")
	)
	(Comment
		(Time 05/15/22,23:40:57)
		(User Administrator)
		(MsgId ECO_211)
		(Text "PTF file part.ptf added")
		(Param1 "part.ptf")
	)
