FILE_TYPE=LIBRARY_PARTS;
primitive 'RF_CONN_UFL_SMT';
  pin
    'GND'<0>:
      PIN_NUMBER='(2)';
      PINUSE='GROUND';
      NO_LOAD_CHECK='Both';
      NO_IO_CHECK='Both';
      NO_ASSERT_CHECK='TRUE';
      NO_DIR_CHECK='TRUE';
      ALLOW_CONNECT='TRUE';
    'GND'<1>:
      PIN_NUMBER='(3)';
      PINUSE='GROUND';
      NO_LOAD_CHECK='Both';
      NO_IO_CHECK='Both';
      NO_ASSERT_CHECK='TRUE';
      NO_DIR_CHECK='TRUE';
      ALLOW_CONNECT='TRUE';
    'RF':
      PIN_NUMBER='(1)';
      INPUT_LOAD='(-0.01,0.01)';
  end_pin;
  body
    PART_NAME='RF_CONN_UFL_SMT';
    BODY_NAME='RF_CONN_UFL_SMT';
    PHYS_DES_PREFIX='XS';
    CLASS='IO';
  end_body;
end_primitive;

END.
