	(Comment
		(Time 04/06/22,11:09:25)
		(User Administrator)
		(MsgId ECO_021)
		(Text "Package ADI_AD9689 added to cell")
		(Param1 "ADI_AD9689")
	)
	(Comment
		(Time 04/06/22,11:09:56)
		(User Administrator)
		(MsgId ECO_081)
		(Text "Symbol sym_1 added to cell")
		(Param1 "sym_1")
	)
	(Comment
		(Time 04/06/22,11:34:39)
		(User Administrator)
		(MsgId ECO_211)
		(Text "PTF file part.ptf added")
		(Param1 "part.ptf")
	)
	(Comment
		(Time 05/31/22,11:19:33)
		(User Administrator)
		(MsgId ECO_081)
		(Text "Symbol sym_2 added to cell")
		(Param1 "sym_2")
	)
	(Comment
		(Time 05/31/22,11:53:31)
		(User Administrator)
		(MsgId ECO_081)
		(Text "Symbol sym_3 added to cell")
		(Param1 "sym_3")
	)
	(Comment
		(Time 05/31/22,11:54:37)
		(User Administrator)
		(MsgId ECO_081)
		(Text "Symbol sym_4 added to cell")
		(Param1 "sym_4")
	)
	(Comment
		(Time 05/31/22,11:54:55)
		(User Administrator)
		(MsgId ECO_082)
		(Text "Symbol sym_3 deleted from cell")
		(Param1 "sym_3")
	)
	(Comment
		(Time 05/31/22,11:55:00)
		(User Administrator)
		(MsgId ECO_082)
		(Text "Symbol sym_4 deleted from cell")
		(Param1 "sym_4")
	)
	(Comment
		(Time 05/31/22,11:55:03)
		(User Administrator)
		(MsgId ECO_081)
		(Text "Symbol sym_3 added to cell")
		(Param1 "sym_3")
	)
