
	(Comment
		(Time 08/27/10,09:31:55)
		(User liuailing)
		(MsgId ECO_213)
		(Text "PTF file part.ptf renamed to bav70lt1g.ptf")
		(Param1 part.ptf)
		(Param2 bav70lt1g.ptf)
	)





	(Comment
		(Time 08/30/10,10:01:24)
		(User liuailing)
		(MsgId ECO_213)
		(Text "PTF file bav70lt1g.ptf renamed to stc_sc431cskqtrt.ptf")
		(Param1 bav70lt1g.ptf)
		(Param2 stc_sc431cskqtrt.ptf)
	)









	(Comment
		(Time 09/03/10,09:38:03)
		(User liuailing)
		(MsgId ECO_213)
		(Text "PTF file stc_sc431cskqtrt.ptf renamed to sem_sc431cskqtrt.ptf")
		(Param1 stc_sc431cskqtrt.ptf)
		(Param2 sem_sc431cskqtrt.ptf)
	)








