	(Comment
		(Time 09/28/17,11:06:10)
		(User naliyang)
		(MsgId ECO_021)
		(Text "Package SILI_SI5341X added to cell")
		(Param1 "SILI_SI5341X")
	)
	(Comment
		(Time 09/28/17,11:12:46)
		(User naliyang)
		(MsgId ECO_081)
		(Text "Symbol sym_1 added to cell")
		(Param1 "sym_1")
	)
	(Comment
		(Time 09/28/17,11:12:46)
		(User naliyang)
		(MsgId ECO_081)
		(Text "Symbol sym_2 added to cell")
		(Param1 "sym_2")
	)
	(Comment
		(Time 09/28/17,11:12:46)
		(User naliyang)
		(MsgId ECO_081)
		(Text "Symbol sym_3 added to cell")
		(Param1 "sym_3")
	)
	(Comment
		(Time 09/28/17,11:22:23)
		(User naliyang)
		(MsgId ECO_211)
		(Text "PTF file part.ptf added")
		(Param1 "part.ptf")
	)
