FILE_TYPE=LIBRARY_PARTS;
primitive 'TYCO_1_1469492_X';
  pin
    '2':
      PIN_NUMBER='(2)';
      PINUSE='UNSPEC';
      NO_LOAD_CHECK='Both';
      NO_IO_CHECK='Both';
      NO_ASSERT_CHECK='TRUE';
      NO_DIR_CHECK='TRUE';
      ALLOW_CONNECT='TRUE';
    '1':
      PIN_NUMBER='(1)';
      PINUSE='UNSPEC';
      NO_LOAD_CHECK='Both';
      NO_IO_CHECK='Both';
      NO_ASSERT_CHECK='TRUE';
      NO_DIR_CHECK='TRUE';
      ALLOW_CONNECT='TRUE';
  end_pin;
  body
    PART_NAME='TYCO_1_1469492_X';
    BODY_NAME='TYCO_1_1469492_X';
    PHYS_DES_PREFIX='X';
    CLASS='IC';
  end_body;
end_primitive;

END.
