FILE_TYPE=LIBRARY_PARTS;
TIME=' Created/Modified on Wed Sep 03 14:51:42 2003' ;
primitive 'BLM18';
  pin
    'P1':
      PIN_NUMBER='(1)';
      PINUSE='UNSPEC';
      NO_LOAD_CHECK='BOTH';
      NO_IO_CHECK='BOTH';
      ALLOW_CONNECT='TRUE';
    'P2':
      PIN_NUMBER='(2)';
      PINUSE='UNSPEC';
      NO_LOAD_CHECK='BOTH';
      NO_IO_CHECK='BOTH';
      ALLOW_CONNECT='TRUE';
  end_pin;
  body
    CLASS='DISCRETE';
    PART_NAME='BLM18';
    PHYS_DES_PREFIX='L';
    BODY_NAME='MUR_BLM18';
  end_body;
end_primitive;
END.
