	(Comment
		(Time 07/04/22,19:46:49)
		(User Administrator)
		(MsgId ECO_021)
		(Text "Package ADI_LTM4638 added to cell")
		(Param1 "ADI_LTM4638")
	)
	(Comment
		(Time 07/04/22,19:48:54)
		(User Administrator)
		(MsgId ECO_022)
		(Text "Package ADI_LTM4638 deleted from cell")
		(Param1 "ADI_LTM4638")
	)
	(Comment
		(Time 07/04/22,19:48:55)
		(User Administrator)
		(MsgId ECO_021)
		(Text "Package ADI_LTM4638 added to cell")
		(Param1 "ADI_LTM4638")
	)
	(Comment
		(Time 07/04/22,19:49:33)
		(User Administrator)
		(MsgId ECO_081)
		(Text "Symbol sym_1 added to cell")
		(Param1 "sym_1")
	)
	(Comment
		(Time 07/04/22,20:39:50)
		(User Administrator)
		(MsgId ECO_211)
		(Text "PTF file part.ptf added")
		(Param1 "part.ptf")
	)
