FILE_TYPE=LIBRARY_PARTS;
primitive 'TPS51200DRC';
  pin
    'REFIN':
      PIN_NUMBER='(1)';
      INPUT_LOAD='(-0.01,0.01)';
    'VLDOIN':
      PIN_NUMBER='(2)';
      PINUSE='POWER';
      NO_LOAD_CHECK='Both';
      NO_IO_CHECK='Both';
      NO_ASSERT_CHECK='TRUE';
      NO_DIR_CHECK='TRUE';
      ALLOW_CONNECT='TRUE';
    'VO':
      PIN_NUMBER='(3)';
      PINUSE='POWER';
      NO_LOAD_CHECK='Both';
      NO_IO_CHECK='Both';
      NO_ASSERT_CHECK='TRUE';
      NO_DIR_CHECK='TRUE';
      ALLOW_CONNECT='TRUE';
    'PGND':
      PIN_NUMBER='(4)';
      PINUSE='GROUND';
      NO_LOAD_CHECK='Both';
      NO_IO_CHECK='Both';
      NO_ASSERT_CHECK='TRUE';
      NO_DIR_CHECK='TRUE';
      ALLOW_CONNECT='TRUE';
    'VOSNS':
      PIN_NUMBER='(5)';
      INPUT_LOAD='(-0.01,0.01)';
    'REFOUT':
      PIN_NUMBER='(6)';
      OUTPUT_LOAD='(1.0,-1.0)';
    'EN':
      PIN_NUMBER='(7)';
      INPUT_LOAD='(-0.01,0.01)';
    'GND':
      PIN_NUMBER='(8)';
      PINUSE='GROUND';
      NO_LOAD_CHECK='Both';
      NO_IO_CHECK='Both';
      NO_ASSERT_CHECK='TRUE';
      NO_DIR_CHECK='TRUE';
      ALLOW_CONNECT='TRUE';
    'PGOOD':
      PIN_NUMBER='(9)';
      OUTPUT_LOAD='(1.0,-1.0)';
    'VIN':
      PIN_NUMBER='(10)';
      PINUSE='POWER';
      NO_LOAD_CHECK='Both';
      NO_IO_CHECK='Both';
      NO_ASSERT_CHECK='TRUE';
      NO_DIR_CHECK='TRUE';
      ALLOW_CONNECT='TRUE';
    'THERMAL':
      PIN_NUMBER='(11)';
      PINUSE='GROUND';
      NO_LOAD_CHECK='Both';
      NO_IO_CHECK='Both';
      NO_ASSERT_CHECK='TRUE';
      NO_DIR_CHECK='TRUE';
      ALLOW_CONNECT='TRUE';
  end_pin;
  body
    PART_NAME='TPS51200DRC';
    BODY_NAME='TI_TPS51200DRC';
    PHYS_DES_PREFIX='D';
    CLASS='IC';
  end_body;
end_primitive;

END.
