	(Comment
		(Time 03/10/21,20:24:05)
		(User Administrator)
		(MsgId ECO_021)
		(Text "Package MC_DVGA2_33A added to cell")
		(Param1 "MC_DVGA2_33A")
	)
	(Comment
		(Time 03/10/21,20:52:50)
		(User Administrator)
		(MsgId ECO_081)
		(Text "Symbol sym_1 added to cell")
		(Param1 "sym_1")
	)
	(Comment
		(Time 03/10/21,21:06:12)
		(User Administrator)
		(MsgId ECO_211)
		(Text "PTF file part.ptf added")
		(Param1 "part.ptf")
	)
	(Comment
		(Time 03/15/21,18:00:13)
		(User Administrator)
		(MsgId ECO_212)
		(Text "PTF file part.ptf deleted")
		(Param1 "part.ptf")
	)
	(Comment
		(Time 03/15/21,18:00:16)
		(User Administrator)
		(MsgId ECO_211)
		(Text "PTF file part.ptf added")
		(Param1 "part.ptf")
	)
	(Comment
		(Time 04/02/21,15:13:29)
		(User Administrator)
		(MsgId ECO_081)
		(Text "Symbol sym_2 added to cell")
		(Param1 "sym_2")
	)
	(Comment
		(Time 04/02/21,15:13:45)
		(User Administrator)
		(MsgId ECO_082)
		(Text "Symbol sym_2 deleted from cell")
		(Param1 "sym_2")
	)
