FILE_TYPE=LIBRARY_PARTS;
primitive 'TYCO_1410187_3';
  pin
    'A1':
      PIN_NUMBER='(a1)';
      INPUT_LOAD='(-0.01,0.01)';
    'A2':
      PIN_NUMBER='(a2)';
      OUTPUT_LOAD='(1.0,-1.0)';
    'A3':
      PIN_NUMBER='(a3)';
      INPUT_LOAD='(-0.01,0.01)';
    'A4':
      PIN_NUMBER='(a4)';
      OUTPUT_LOAD='(1.0,-1.0)';
    'A5':
      PIN_NUMBER='(a5)';
      INPUT_LOAD='(-0.01,0.01)';
    'A6':
      PIN_NUMBER='(a6)';
      OUTPUT_LOAD='(1.0,-1.0)';
    'A7':
      PIN_NUMBER='(a7)';
      INPUT_LOAD='(-0.01,0.01)';
    'A8':
      PIN_NUMBER='(a8)';
      OUTPUT_LOAD='(1.0,-1.0)';
    'A9':
      PIN_NUMBER='(a9)';
      INPUT_LOAD='(-0.01,0.01)';
    'A10':
      PIN_NUMBER='(a10)';
      OUTPUT_LOAD='(1.0,-1.0)';
    'A11':
      PIN_NUMBER='(a11)';
      INPUT_LOAD='(-0.01,0.01)';
    'A12':
      PIN_NUMBER='(a12)';
      OUTPUT_LOAD='(1.0,-1.0)';
    'A13':
      PIN_NUMBER='(a13)';
      INPUT_LOAD='(-0.01,0.01)';
    'A14':
      PIN_NUMBER='(a14)';
      OUTPUT_LOAD='(1.0,-1.0)';
    'A15':
      PIN_NUMBER='(a15)';
      INPUT_LOAD='(-0.01,0.01)';
    'A16':
      PIN_NUMBER='(a16)';
      OUTPUT_LOAD='(1.0,-1.0)';
    'B1':
      PIN_NUMBER='(b1)';
      INPUT_LOAD='(-0.01,0.01)';
    'B2':
      PIN_NUMBER='(b2)';
      OUTPUT_LOAD='(1.0,-1.0)';
    'B3':
      PIN_NUMBER='(b3)';
      INPUT_LOAD='(-0.01,0.01)';
    'B4':
      PIN_NUMBER='(b4)';
      OUTPUT_LOAD='(1.0,-1.0)';
    'B5':
      PIN_NUMBER='(b5)';
      INPUT_LOAD='(-0.01,0.01)';
    'B6':
      PIN_NUMBER='(b6)';
      OUTPUT_LOAD='(1.0,-1.0)';
    'B7':
      PIN_NUMBER='(b7)';
      INPUT_LOAD='(-0.01,0.01)';
    'B8':
      PIN_NUMBER='(b8)';
      OUTPUT_LOAD='(1.0,-1.0)';
    'B9':
      PIN_NUMBER='(b9)';
      INPUT_LOAD='(-0.01,0.01)';
    'B10':
      PIN_NUMBER='(b10)';
      OUTPUT_LOAD='(1.0,-1.0)';
    'B11':
      PIN_NUMBER='(b11)';
      INPUT_LOAD='(-0.01,0.01)';
    'B12':
      PIN_NUMBER='(b12)';
      OUTPUT_LOAD='(1.0,-1.0)';
    'B13':
      PIN_NUMBER='(b13)';
      INPUT_LOAD='(-0.01,0.01)';
    'B14':
      PIN_NUMBER='(b14)';
      OUTPUT_LOAD='(1.0,-1.0)';
    'B15':
      PIN_NUMBER='(b15)';
      INPUT_LOAD='(-0.01,0.01)';
    'B16':
      PIN_NUMBER='(b16)';
      OUTPUT_LOAD='(1.0,-1.0)';
    'C1':
      PIN_NUMBER='(c1)';
      INPUT_LOAD='(-0.01,0.01)';
    'C2':
      PIN_NUMBER='(c2)';
      OUTPUT_LOAD='(1.0,-1.0)';
    'C3':
      PIN_NUMBER='(c3)';
      INPUT_LOAD='(-0.01,0.01)';
    'C4':
      PIN_NUMBER='(c4)';
      OUTPUT_LOAD='(1.0,-1.0)';
    'C5':
      PIN_NUMBER='(c5)';
      INPUT_LOAD='(-0.01,0.01)';
    'C6':
      PIN_NUMBER='(c6)';
      OUTPUT_LOAD='(1.0,-1.0)';
    'C7':
      PIN_NUMBER='(c7)';
      INPUT_LOAD='(-0.01,0.01)';
    'C8':
      PIN_NUMBER='(c8)';
      OUTPUT_LOAD='(1.0,-1.0)';
    'C9':
      PIN_NUMBER='(c9)';
      INPUT_LOAD='(-0.01,0.01)';
    'C10':
      PIN_NUMBER='(c10)';
      OUTPUT_LOAD='(1.0,-1.0)';
    'C11':
      PIN_NUMBER='(c11)';
      INPUT_LOAD='(-0.01,0.01)';
    'C12':
      PIN_NUMBER='(c12)';
      OUTPUT_LOAD='(1.0,-1.0)';
    'C13':
      PIN_NUMBER='(c13)';
      INPUT_LOAD='(-0.01,0.01)';
    'C14':
      PIN_NUMBER='(c14)';
      OUTPUT_LOAD='(1.0,-1.0)';
    'C15':
      PIN_NUMBER='(c15)';
      INPUT_LOAD='(-0.01,0.01)';
    'C16':
      PIN_NUMBER='(c16)';
      OUTPUT_LOAD='(1.0,-1.0)';
    'D1':
      PIN_NUMBER='(d1)';
      INPUT_LOAD='(-0.01,0.01)';
    'D2':
      PIN_NUMBER='(d2)';
      OUTPUT_LOAD='(1.0,-1.0)';
    'D3':
      PIN_NUMBER='(d3)';
      INPUT_LOAD='(-0.01,0.01)';
    'D4':
      PIN_NUMBER='(d4)';
      OUTPUT_LOAD='(1.0,-1.0)';
    'D5':
      PIN_NUMBER='(d5)';
      INPUT_LOAD='(-0.01,0.01)';
    'D6':
      PIN_NUMBER='(d6)';
      OUTPUT_LOAD='(1.0,-1.0)';
    'D7':
      PIN_NUMBER='(d7)';
      INPUT_LOAD='(-0.01,0.01)';
    'D8':
      PIN_NUMBER='(d8)';
      OUTPUT_LOAD='(1.0,-1.0)';
    'D9':
      PIN_NUMBER='(d9)';
      INPUT_LOAD='(-0.01,0.01)';
    'D10':
      PIN_NUMBER='(d10)';
      OUTPUT_LOAD='(1.0,-1.0)';
    'D11':
      PIN_NUMBER='(d11)';
      INPUT_LOAD='(-0.01,0.01)';
    'D12':
      PIN_NUMBER='(d12)';
      OUTPUT_LOAD='(1.0,-1.0)';
    'D13':
      PIN_NUMBER='(d13)';
      INPUT_LOAD='(-0.01,0.01)';
    'D14':
      PIN_NUMBER='(d14)';
      OUTPUT_LOAD='(1.0,-1.0)';
    'D15':
      PIN_NUMBER='(d15)';
      INPUT_LOAD='(-0.01,0.01)';
    'D16':
      PIN_NUMBER='(d16)';
      OUTPUT_LOAD='(1.0,-1.0)';
    'E1':
      PIN_NUMBER='(e1)';
      INPUT_LOAD='(-0.01,0.01)';
    'E2':
      PIN_NUMBER='(e2)';
      OUTPUT_LOAD='(1.0,-1.0)';
    'E3':
      PIN_NUMBER='(e3)';
      INPUT_LOAD='(-0.01,0.01)';
    'E4':
      PIN_NUMBER='(e4)';
      OUTPUT_LOAD='(1.0,-1.0)';
    'E5':
      PIN_NUMBER='(e5)';
      INPUT_LOAD='(-0.01,0.01)';
    'E6':
      PIN_NUMBER='(e6)';
      OUTPUT_LOAD='(1.0,-1.0)';
    'E7':
      PIN_NUMBER='(e7)';
      INPUT_LOAD='(-0.01,0.01)';
    'E8':
      PIN_NUMBER='(e8)';
      OUTPUT_LOAD='(1.0,-1.0)';
    'E9':
      PIN_NUMBER='(e9)';
      INPUT_LOAD='(-0.01,0.01)';
    'E10':
      PIN_NUMBER='(e10)';
      OUTPUT_LOAD='(1.0,-1.0)';
    'E11':
      PIN_NUMBER='(e11)';
      INPUT_LOAD='(-0.01,0.01)';
    'E12':
      PIN_NUMBER='(e12)';
      OUTPUT_LOAD='(1.0,-1.0)';
    'E13':
      PIN_NUMBER='(e13)';
      INPUT_LOAD='(-0.01,0.01)';
    'E14':
      PIN_NUMBER='(e14)';
      OUTPUT_LOAD='(1.0,-1.0)';
    'E15':
      PIN_NUMBER='(e15)';
      INPUT_LOAD='(-0.01,0.01)';
    'E16':
      PIN_NUMBER='(e16)';
      OUTPUT_LOAD='(1.0,-1.0)';
    'F1':
      PIN_NUMBER='(f1)';
      INPUT_LOAD='(-0.01,0.01)';
    'F2':
      PIN_NUMBER='(f2)';
      OUTPUT_LOAD='(1.0,-1.0)';
    'F3':
      PIN_NUMBER='(f3)';
      INPUT_LOAD='(-0.01,0.01)';
    'F4':
      PIN_NUMBER='(f4)';
      OUTPUT_LOAD='(1.0,-1.0)';
    'F5':
      PIN_NUMBER='(f5)';
      INPUT_LOAD='(-0.01,0.01)';
    'F6':
      PIN_NUMBER='(f6)';
      OUTPUT_LOAD='(1.0,-1.0)';
    'F7':
      PIN_NUMBER='(f7)';
      INPUT_LOAD='(-0.01,0.01)';
    'F8':
      PIN_NUMBER='(f8)';
      OUTPUT_LOAD='(1.0,-1.0)';
    'F9':
      PIN_NUMBER='(f9)';
      INPUT_LOAD='(-0.01,0.01)';
    'F10':
      PIN_NUMBER='(f10)';
      OUTPUT_LOAD='(1.0,-1.0)';
    'F11':
      PIN_NUMBER='(f11)';
      INPUT_LOAD='(-0.01,0.01)';
    'F12':
      PIN_NUMBER='(f12)';
      OUTPUT_LOAD='(1.0,-1.0)';
    'F13':
      PIN_NUMBER='(f13)';
      INPUT_LOAD='(-0.01,0.01)';
    'F14':
      PIN_NUMBER='(f14)';
      OUTPUT_LOAD='(1.0,-1.0)';
    'F15':
      PIN_NUMBER='(f15)';
      INPUT_LOAD='(-0.01,0.01)';
    'F16':
      PIN_NUMBER='(f16)';
      OUTPUT_LOAD='(1.0,-1.0)';
    'G1':
      PIN_NUMBER='(g1)';
      INPUT_LOAD='(-0.01,0.01)';
    'G2':
      PIN_NUMBER='(g2)';
      OUTPUT_LOAD='(1.0,-1.0)';
    'G3':
      PIN_NUMBER='(g3)';
      INPUT_LOAD='(-0.01,0.01)';
    'G4':
      PIN_NUMBER='(g4)';
      OUTPUT_LOAD='(1.0,-1.0)';
    'G5':
      PIN_NUMBER='(g5)';
      INPUT_LOAD='(-0.01,0.01)';
    'G6':
      PIN_NUMBER='(g6)';
      OUTPUT_LOAD='(1.0,-1.0)';
    'G7':
      PIN_NUMBER='(g7)';
      INPUT_LOAD='(-0.01,0.01)';
    'G8':
      PIN_NUMBER='(g8)';
      OUTPUT_LOAD='(1.0,-1.0)';
    'G9':
      PIN_NUMBER='(g9)';
      INPUT_LOAD='(-0.01,0.01)';
    'G10':
      PIN_NUMBER='(g10)';
      OUTPUT_LOAD='(1.0,-1.0)';
    'G11':
      PIN_NUMBER='(g11)';
      INPUT_LOAD='(-0.01,0.01)';
    'G12':
      PIN_NUMBER='(g12)';
      OUTPUT_LOAD='(1.0,-1.0)';
    'G13':
      PIN_NUMBER='(g13)';
      INPUT_LOAD='(-0.01,0.01)';
    'G14':
      PIN_NUMBER='(g14)';
      OUTPUT_LOAD='(1.0,-1.0)';
    'G15':
      PIN_NUMBER='(g15)';
      INPUT_LOAD='(-0.01,0.01)';
    'G16':
      PIN_NUMBER='(g16)';
      OUTPUT_LOAD='(1.0,-1.0)';
    'H1':
      PIN_NUMBER='(h1)';
      OUTPUT_LOAD='(1.0,-1.0)';
    'H5':
      PIN_NUMBER='(h5)';
      OUTPUT_LOAD='(1.0,-1.0)';
    'H9':
      PIN_NUMBER='(h9)';
      OUTPUT_LOAD='(1.0,-1.0)';
    'H13':
      PIN_NUMBER='(h13)';
      OUTPUT_LOAD='(1.0,-1.0)';
  end_pin;
  body
    PART_NAME='TYCO_1410187_3';
    BODY_NAME='TYCO_1410187_3';
    PHYS_DES_PREFIX='J';
    CLASS='IC';
  end_body;
end_primitive;

END.
