FILE_TYPE=LIBRARY_PARTS;
primitive 'SPX_SP3077EEN';
  pin
    'VCC':
      PIN_NUMBER='(1)';
      INPUT_LOAD='(-0.01,0.01)';
    'R':
      PIN_NUMBER='(2)';
      INPUT_LOAD='(-0.01,0.01)';
    'D':
      PIN_NUMBER='(3)';
      INPUT_LOAD='(-0.01,0.01)';
    'GND':
      PIN_NUMBER='(4)';
      INPUT_LOAD='(-0.01,0.01)';
    'A':
      PIN_NUMBER='(8)';
      OUTPUT_LOAD='(1.0,-1.0)';
    'B':
      PIN_NUMBER='(7)';
      OUTPUT_LOAD='(1.0,-1.0)';
    'Z':
      PIN_NUMBER='(6)';
      OUTPUT_LOAD='(1.0,-1.0)';
    'Y':
      PIN_NUMBER='(5)';
      OUTPUT_LOAD='(1.0,-1.0)';
  end_pin;
  body
    PART_NAME='SPX_SP3077EEN';
    BODY_NAME='SPX_SP3077EEN';
    PHYS_DES_PREFIX='U';
    CLASS='IC';
    CDS_LMAN_UNMAPPED_PHYS_PIN='(12)';
  end_body;
end_primitive;

END.
