	(Comment
		(Time 03/10/21,11:45:13)
		(User Administrator)
		(MsgId ECO_021)
		(Text "Package MC_LFCG_575 added to cell")
		(Param1 "MC_LFCG_575")
	)
	(Comment
		(Time 03/10/21,12:05:12)
		(User Administrator)
		(MsgId ECO_081)
		(Text "Symbol sym_1 added to cell")
		(Param1 "sym_1")
	)
	(Comment
		(Time 03/10/21,12:05:21)
		(User Administrator)
		(MsgId ECO_081)
		(Text "Symbol sym_2 added to cell")
		(Param1 "sym_2")
	)
	(Comment
		(Time 03/10/21,12:05:27)
		(User Administrator)
		(MsgId ECO_082)
		(Text "Symbol sym_2 deleted from cell")
		(Param1 "sym_2")
	)
	(Comment
		(Time 03/10/21,12:05:42)
		(User Administrator)
		(MsgId ECO_081)
		(Text "Symbol sym_2 added to cell")
		(Param1 "sym_2")
	)
	(Comment
		(Time 03/10/21,12:05:48)
		(User Administrator)
		(MsgId ECO_082)
		(Text "Symbol sym_2 deleted from cell")
		(Param1 "sym_2")
	)
	(Comment
		(Time 03/10/21,14:05:55)
		(User Administrator)
		(MsgId ECO_211)
		(Text "PTF file part.ptf added")
		(Param1 "part.ptf")
	)
	(Comment
		(Time 03/10/21,14:15:11)
		(User Administrator)
		(MsgId ECO_212)
		(Text "PTF file part.ptf deleted")
		(Param1 "part.ptf")
	)
	(Comment
		(Time 03/10/21,14:15:13)
		(User Administrator)
		(MsgId ECO_211)
		(Text "PTF file part.ptf added")
		(Param1 "part.ptf")
	)
	(Comment
		(Time 03/15/21,18:12:34)
		(User Administrator)
		(MsgId ECO_212)
		(Text "PTF file part.ptf deleted")
		(Param1 "part.ptf")
	)
	(Comment
		(Time 03/15/21,18:12:36)
		(User Administrator)
		(MsgId ECO_211)
		(Text "PTF file part.ptf added")
		(Param1 "part.ptf")
	)
	(Comment
		(Time 03/16/21,20:11:49)
		(User Administrator)
		(MsgId ECO_211)
		(Text "PTF file part_1.ptf added")
		(Param1 "part_1.ptf")
	)
	(Comment
		(Time 03/16/21,20:11:57)
		(User Administrator)
		(MsgId ECO_212)
		(Text "PTF file part_1.ptf deleted")
		(Param1 "part_1.ptf")
	)
